<?xml version="1.0" encoding="UTF-8"?>
<!-- Generated by org.testng.reporters.JUnitReportReporter -->
<testsuite hostname="LAPTOP-RQ5ADVUS" failures="0" tests="2" name="swagLab.testCases" time="12.709" errors="0" timestamp="2024-01-04T02:25:53 EET" skipped="0">
  <testcase classname="swagLab.testCases" name="sortItems" time="3.647"/>
  <system-out/>
  <testcase classname="swagLab.testCases" name="checkout" time="9.062"/>
  <system-out/>
</testsuite> <!-- swagLab.testCases -->
